17:46:58.215 [main] INFO  testCases.TC01_AccountRegistrationTest - ******** TestCase TC01 Account Registration Test Started! ********
17:46:58.322 [main] INFO  testCases.TC01_AccountRegistrationTest - Clicked on My Account Link
17:46:58.622 [main] INFO  testCases.TC01_AccountRegistrationTest - Clicked on Registration Link
17:46:58.625 [main] INFO  testCases.TC01_AccountRegistrationTest - Moving to Registration Page!
17:46:58.626 [main] INFO  testCases.TC01_AccountRegistrationTest - Entering Customer Details
17:46:58.800 [main] DEBUG testCases.TC01_AccountRegistrationTest - Setting up Email: LTGbF@gmail.com
17:46:58.852 [main] DEBUG testCases.TC01_AccountRegistrationTest - Setting up Telephone Number: 8999041470
17:46:59.013 [main] INFO  testCases.TC01_AccountRegistrationTest - Clicking on Continue button!
17:47:00.032 [main] INFO  testCases.TC01_AccountRegistrationTest - Validating the Confirmation Message!
17:47:00.066 [main] ERROR testCases.TC01_AccountRegistrationTest - Test Failed!
17:47:00.066 [main] DEBUG testCases.TC01_AccountRegistrationTest - Validation Failed! expected [Your Account Has Been Created] but found [Your Account Has Been Created!]
17:47:00.067 [main] INFO  testCases.TC01_AccountRegistrationTest - ****** TestCase TC01 Account Registration Test Execution Completed! *******
17:47:04.186 [main] INFO  testCases.TC02_LoginTest - ***** Starting TC02_LoginTest *****
17:47:07.348 [main] INFO  testCases.TC02_LoginTest - ***** Ending TC02_LoginTest *****
12:29:29.520 [main] INFO  testCases.TC01_AccountRegistrationTest - ******** TestCase TC01 Account Registration Test Started! ********
12:29:29.691 [main] INFO  testCases.TC01_AccountRegistrationTest - Clicked on My Account Link
12:29:30.060 [main] INFO  testCases.TC01_AccountRegistrationTest - Clicked on Registration Link
12:29:30.065 [main] INFO  testCases.TC01_AccountRegistrationTest - Moving to Registration Page!
12:29:30.065 [main] INFO  testCases.TC01_AccountRegistrationTest - Entering Customer Details
12:29:30.631 [main] DEBUG testCases.TC01_AccountRegistrationTest - Setting up Email: FinLg@gmail.com
12:29:31.028 [main] DEBUG testCases.TC01_AccountRegistrationTest - Setting up Telephone Number: 5213868111
12:29:31.357 [main] INFO  testCases.TC01_AccountRegistrationTest - Clicking on Continue button!
12:29:32.196 [main] INFO  testCases.TC01_AccountRegistrationTest - Validating the Confirmation Message!
12:29:32.246 [main] ERROR testCases.TC01_AccountRegistrationTest - Test Failed!
12:29:32.246 [main] DEBUG testCases.TC01_AccountRegistrationTest - Validation Failed! expected [Your Account Has Been Created] but found [Your Account Has Been Created!]
12:29:32.247 [main] INFO  testCases.TC01_AccountRegistrationTest - ****** TestCase TC01 Account Registration Test Execution Completed! *******
12:29:35.385 [main] INFO  testCases.TC02_LoginTest - ***** Starting TC02_LoginTest *****
12:29:38.929 [main] INFO  testCases.TC02_LoginTest - ***** Ending TC02_LoginTest *****
14:08:07.837 [main] INFO  testCases.TC01_AccountRegistrationTest - ******** TestCase TC01 Account Registration Test Started! ********
14:08:08.002 [main] INFO  testCases.TC01_AccountRegistrationTest - Clicked on My Account Link
14:08:08.359 [main] INFO  testCases.TC01_AccountRegistrationTest - Clicked on Registration Link
14:08:08.363 [main] INFO  testCases.TC01_AccountRegistrationTest - Moving to Registration Page!
14:08:08.363 [main] INFO  testCases.TC01_AccountRegistrationTest - Entering Customer Details
14:08:08.676 [main] DEBUG testCases.TC01_AccountRegistrationTest - Setting up Email: YJAEM@gmail.com
14:08:08.762 [main] DEBUG testCases.TC01_AccountRegistrationTest - Setting up Telephone Number: 2447758088
14:08:09.037 [main] INFO  testCases.TC01_AccountRegistrationTest - Clicking on Continue button!
14:08:10.024 [main] INFO  testCases.TC01_AccountRegistrationTest - Validating the Confirmation Message!
14:08:10.137 [main] ERROR testCases.TC01_AccountRegistrationTest - Test Failed!
14:08:10.138 [main] DEBUG testCases.TC01_AccountRegistrationTest - Validation Failed! expected [Your Account Has Been Created] but found [Your Account Has Been Created!]
14:08:10.139 [main] INFO  testCases.TC01_AccountRegistrationTest - ****** TestCase TC01 Account Registration Test Execution Completed! *******
14:08:12.580 [main] INFO  testCases.TC02_LoginTest - ***** Starting TC02_LoginTest *****
14:08:16.137 [main] INFO  testCases.TC02_LoginTest - ***** Ending TC02_LoginTest *****
